{"timestamp":"2026-04-15T09:36:22.905787Z","level":"info","event":"DAG bundles loaded: dags-folder, example_dags","logger":"airflow.dag_processing.bundles.manager.DagBundlesManager","filename":"manager.py","lineno":179}
{"timestamp":"2026-04-15T09:36:22.918772Z","level":"info","event":"Filling up the DagBag from /opt/airflow/dags/usage_aggregation_dag.py","logger":"airflow.models.dagbag.BundleDagBag","filename":"dagbag.py","lineno":593}
{"timestamp":"2026-04-15T09:36:23.198104Z","level":"info","event":"Task instance is in running state","logger":"task.stdout"}
{"timestamp":"2026-04-15T09:36:23.198262Z","level":"info","event":" Previous state of the Task instance: TaskInstanceState.QUEUED","logger":"task.stdout"}
{"timestamp":"2026-04-15T09:36:23.198303Z","level":"info","event":"Current task name:wait_for_kafka_ingestion","logger":"task.stdout"}
{"timestamp":"2026-04-15T09:36:23.198349Z","level":"info","event":"Dag name:usage_aggregation","logger":"task.stdout"}
{"timestamp":"2026-04-15T09:36:23.186306Z","level":"info","event":"Poking for tasks ['consume_kafka_batch'] in dag usage_kafka_ingestion on 2026-04-15T09:25:50+00:00 ... ","logger":"airflow.task.operators.airflow.providers.standard.sensors.external_task.ExternalTaskSensor","filename":"external_task.py","lineno":292}
{"timestamp":"2026-04-15T09:36:53.203503Z","level":"info","event":"Poking for tasks ['consume_kafka_batch'] in dag usage_kafka_ingestion on 2026-04-15T09:25:50+00:00 ... ","logger":"airflow.task.operators.airflow.providers.standard.sensors.external_task.ExternalTaskSensor","filename":"external_task.py","lineno":292}
{"timestamp":"2026-04-15T09:37:23.294211Z","level":"info","event":"Poking for tasks ['consume_kafka_batch'] in dag usage_kafka_ingestion on 2026-04-15T09:25:50+00:00 ... ","logger":"airflow.task.operators.airflow.providers.standard.sensors.external_task.ExternalTaskSensor","filename":"external_task.py","lineno":292}
{"timestamp":"2026-04-15T09:37:53.423197Z","level":"info","event":"Poking for tasks ['consume_kafka_batch'] in dag usage_kafka_ingestion on 2026-04-15T09:25:50+00:00 ... ","logger":"airflow.task.operators.airflow.providers.standard.sensors.external_task.ExternalTaskSensor","filename":"external_task.py","lineno":292}
{"timestamp":"2026-04-15T09:38:23.472430Z","level":"info","event":"Poking for tasks ['consume_kafka_batch'] in dag usage_kafka_ingestion on 2026-04-15T09:25:50+00:00 ... ","logger":"airflow.task.operators.airflow.providers.standard.sensors.external_task.ExternalTaskSensor","filename":"external_task.py","lineno":292}
{"timestamp":"2026-04-15T09:38:53.586786Z","level":"info","event":"Poking for tasks ['consume_kafka_batch'] in dag usage_kafka_ingestion on 2026-04-15T09:25:50+00:00 ... ","logger":"airflow.task.operators.airflow.providers.standard.sensors.external_task.ExternalTaskSensor","filename":"external_task.py","lineno":292}
{"timestamp":"2026-04-15T09:39:23.759739Z","level":"info","event":"Poking for tasks ['consume_kafka_batch'] in dag usage_kafka_ingestion on 2026-04-15T09:25:50+00:00 ... ","logger":"airflow.task.operators.airflow.providers.standard.sensors.external_task.ExternalTaskSensor","filename":"external_task.py","lineno":292}
{"timestamp":"2026-04-15T09:39:53.977356Z","level":"info","event":"Poking for tasks ['consume_kafka_batch'] in dag usage_kafka_ingestion on 2026-04-15T09:25:50+00:00 ... ","logger":"airflow.task.operators.airflow.providers.standard.sensors.external_task.ExternalTaskSensor","filename":"external_task.py","lineno":292}
{"timestamp":"2026-04-15T09:40:24.142215Z","level":"info","event":"Poking for tasks ['consume_kafka_batch'] in dag usage_kafka_ingestion on 2026-04-15T09:25:50+00:00 ... ","logger":"airflow.task.operators.airflow.providers.standard.sensors.external_task.ExternalTaskSensor","filename":"external_task.py","lineno":292}
{"timestamp":"2026-04-15T09:40:54.260084Z","level":"info","event":"Poking for tasks ['consume_kafka_batch'] in dag usage_kafka_ingestion on 2026-04-15T09:25:50+00:00 ... ","logger":"airflow.task.operators.airflow.providers.standard.sensors.external_task.ExternalTaskSensor","filename":"external_task.py","lineno":292}
{"timestamp":"2026-04-15T09:41:24.647285Z","level":"info","event":"Poking for tasks ['consume_kafka_batch'] in dag usage_kafka_ingestion on 2026-04-15T09:25:50+00:00 ... ","logger":"airflow.task.operators.airflow.providers.standard.sensors.external_task.ExternalTaskSensor","filename":"external_task.py","lineno":292}
{"timestamp":"2026-04-15T09:41:54.707942Z","level":"info","event":"Poking for tasks ['consume_kafka_batch'] in dag usage_kafka_ingestion on 2026-04-15T09:25:50+00:00 ... ","logger":"airflow.task.operators.airflow.providers.standard.sensors.external_task.ExternalTaskSensor","filename":"external_task.py","lineno":292}
{"timestamp":"2026-04-15T09:42:24.767243Z","level":"info","event":"Poking for tasks ['consume_kafka_batch'] in dag usage_kafka_ingestion on 2026-04-15T09:25:50+00:00 ... ","logger":"airflow.task.operators.airflow.providers.standard.sensors.external_task.ExternalTaskSensor","filename":"external_task.py","lineno":292}
{"timestamp":"2026-04-15T09:42:54.815766Z","level":"info","event":"Poking for tasks ['consume_kafka_batch'] in dag usage_kafka_ingestion on 2026-04-15T09:25:50+00:00 ... ","logger":"airflow.task.operators.airflow.providers.standard.sensors.external_task.ExternalTaskSensor","filename":"external_task.py","lineno":292}
{"timestamp":"2026-04-15T09:43:24.907430Z","level":"info","event":"Poking for tasks ['consume_kafka_batch'] in dag usage_kafka_ingestion on 2026-04-15T09:25:50+00:00 ... ","logger":"airflow.task.operators.airflow.providers.standard.sensors.external_task.ExternalTaskSensor","filename":"external_task.py","lineno":292}
{"timestamp":"2026-04-15T09:43:54.960563Z","level":"info","event":"Poking for tasks ['consume_kafka_batch'] in dag usage_kafka_ingestion on 2026-04-15T09:25:50+00:00 ... ","logger":"airflow.task.operators.airflow.providers.standard.sensors.external_task.ExternalTaskSensor","filename":"external_task.py","lineno":292}
