{"timestamp":"2026-04-15T09:26:05.384801Z","level":"info","event":"DAG bundles loaded: dags-folder, example_dags","logger":"airflow.dag_processing.bundles.manager.DagBundlesManager","filename":"manager.py","lineno":179}
{"timestamp":"2026-04-15T09:26:05.407592Z","level":"info","event":"Filling up the DagBag from /opt/airflow/dags/usage_aggregation_dag.py","logger":"airflow.models.dagbag.BundleDagBag","filename":"dagbag.py","lineno":593}
{"timestamp":"2026-04-15T09:26:05.887932Z","level":"info","event":"Task instance is in running state","logger":"task.stdout"}
{"timestamp":"2026-04-15T09:26:05.890330Z","level":"info","event":" Previous state of the Task instance: TaskInstanceState.QUEUED","logger":"task.stdout"}
{"timestamp":"2026-04-15T09:26:05.891102Z","level":"info","event":"Current task name:wait_for_kafka_ingestion","logger":"task.stdout"}
{"timestamp":"2026-04-15T09:26:05.891393Z","level":"info","event":"Dag name:usage_aggregation","logger":"task.stdout"}
{"timestamp":"2026-04-15T09:26:05.892650Z","level":"info","event":"Poking for tasks ['consume_kafka_batch'] in dag usage_kafka_ingestion on 2026-04-15T09:25:00+00:00 ... ","logger":"airflow.task.operators.airflow.providers.standard.sensors.external_task.ExternalTaskSensor","filename":"external_task.py","lineno":292}
{"timestamp":"2026-04-15T09:26:35.923183Z","level":"info","event":"Poking for tasks ['consume_kafka_batch'] in dag usage_kafka_ingestion on 2026-04-15T09:25:00+00:00 ... ","logger":"airflow.task.operators.airflow.providers.standard.sensors.external_task.ExternalTaskSensor","filename":"external_task.py","lineno":292}
{"timestamp":"2026-04-15T09:27:06.020043Z","level":"info","event":"Poking for tasks ['consume_kafka_batch'] in dag usage_kafka_ingestion on 2026-04-15T09:25:00+00:00 ... ","logger":"airflow.task.operators.airflow.providers.standard.sensors.external_task.ExternalTaskSensor","filename":"external_task.py","lineno":292}
{"timestamp":"2026-04-15T09:27:36.194157Z","level":"info","event":"Poking for tasks ['consume_kafka_batch'] in dag usage_kafka_ingestion on 2026-04-15T09:25:00+00:00 ... ","logger":"airflow.task.operators.airflow.providers.standard.sensors.external_task.ExternalTaskSensor","filename":"external_task.py","lineno":292}
{"timestamp":"2026-04-15T09:28:06.793785Z","level":"info","event":"Poking for tasks ['consume_kafka_batch'] in dag usage_kafka_ingestion on 2026-04-15T09:25:00+00:00 ... ","logger":"airflow.task.operators.airflow.providers.standard.sensors.external_task.ExternalTaskSensor","filename":"external_task.py","lineno":292}
{"timestamp":"2026-04-15T09:28:36.861150Z","level":"info","event":"Poking for tasks ['consume_kafka_batch'] in dag usage_kafka_ingestion on 2026-04-15T09:25:00+00:00 ... ","logger":"airflow.task.operators.airflow.providers.standard.sensors.external_task.ExternalTaskSensor","filename":"external_task.py","lineno":292}
{"timestamp":"2026-04-15T09:29:06.957727Z","level":"info","event":"Poking for tasks ['consume_kafka_batch'] in dag usage_kafka_ingestion on 2026-04-15T09:25:00+00:00 ... ","logger":"airflow.task.operators.airflow.providers.standard.sensors.external_task.ExternalTaskSensor","filename":"external_task.py","lineno":292}
{"timestamp":"2026-04-15T09:29:37.112138Z","level":"info","event":"Poking for tasks ['consume_kafka_batch'] in dag usage_kafka_ingestion on 2026-04-15T09:25:00+00:00 ... ","logger":"airflow.task.operators.airflow.providers.standard.sensors.external_task.ExternalTaskSensor","filename":"external_task.py","lineno":292}
{"timestamp":"2026-04-15T09:30:07.477047Z","level":"info","event":"Poking for tasks ['consume_kafka_batch'] in dag usage_kafka_ingestion on 2026-04-15T09:25:00+00:00 ... ","logger":"airflow.task.operators.airflow.providers.standard.sensors.external_task.ExternalTaskSensor","filename":"external_task.py","lineno":292}
{"timestamp":"2026-04-15T09:30:37.768671Z","level":"info","event":"Poking for tasks ['consume_kafka_batch'] in dag usage_kafka_ingestion on 2026-04-15T09:25:00+00:00 ... ","logger":"airflow.task.operators.airflow.providers.standard.sensors.external_task.ExternalTaskSensor","filename":"external_task.py","lineno":292}
{"timestamp":"2026-04-15T09:31:07.885186Z","level":"info","event":"Poking for tasks ['consume_kafka_batch'] in dag usage_kafka_ingestion on 2026-04-15T09:25:00+00:00 ... ","logger":"airflow.task.operators.airflow.providers.standard.sensors.external_task.ExternalTaskSensor","filename":"external_task.py","lineno":292}
{"timestamp":"2026-04-15T09:31:38.043489Z","level":"info","event":"Poking for tasks ['consume_kafka_batch'] in dag usage_kafka_ingestion on 2026-04-15T09:25:00+00:00 ... ","logger":"airflow.task.operators.airflow.providers.standard.sensors.external_task.ExternalTaskSensor","filename":"external_task.py","lineno":292}
{"timestamp":"2026-04-15T09:32:08.542697Z","level":"info","event":"Poking for tasks ['consume_kafka_batch'] in dag usage_kafka_ingestion on 2026-04-15T09:25:00+00:00 ... ","logger":"airflow.task.operators.airflow.providers.standard.sensors.external_task.ExternalTaskSensor","filename":"external_task.py","lineno":292}
{"timestamp":"2026-04-15T09:32:38.822391Z","level":"info","event":"Poking for tasks ['consume_kafka_batch'] in dag usage_kafka_ingestion on 2026-04-15T09:25:00+00:00 ... ","logger":"airflow.task.operators.airflow.providers.standard.sensors.external_task.ExternalTaskSensor","filename":"external_task.py","lineno":292}
{"timestamp":"2026-04-15T09:33:08.916220Z","level":"info","event":"Poking for tasks ['consume_kafka_batch'] in dag usage_kafka_ingestion on 2026-04-15T09:25:00+00:00 ... ","logger":"airflow.task.operators.airflow.providers.standard.sensors.external_task.ExternalTaskSensor","filename":"external_task.py","lineno":292}
{"timestamp":"2026-04-15T09:33:39.065107Z","level":"info","event":"Poking for tasks ['consume_kafka_batch'] in dag usage_kafka_ingestion on 2026-04-15T09:25:00+00:00 ... ","logger":"airflow.task.operators.airflow.providers.standard.sensors.external_task.ExternalTaskSensor","filename":"external_task.py","lineno":292}
{"timestamp":"2026-04-15T09:34:09.393325Z","level":"info","event":"Poking for tasks ['consume_kafka_batch'] in dag usage_kafka_ingestion on 2026-04-15T09:25:00+00:00 ... ","logger":"airflow.task.operators.airflow.providers.standard.sensors.external_task.ExternalTaskSensor","filename":"external_task.py","lineno":292}
{"timestamp":"2026-04-15T09:34:39.801448Z","level":"info","event":"Poking for tasks ['consume_kafka_batch'] in dag usage_kafka_ingestion on 2026-04-15T09:25:00+00:00 ... ","logger":"airflow.task.operators.airflow.providers.standard.sensors.external_task.ExternalTaskSensor","filename":"external_task.py","lineno":292}
{"timestamp":"2026-04-15T09:35:10.454477Z","level":"info","event":"Poking for tasks ['consume_kafka_batch'] in dag usage_kafka_ingestion on 2026-04-15T09:25:00+00:00 ... ","logger":"airflow.task.operators.airflow.providers.standard.sensors.external_task.ExternalTaskSensor","filename":"external_task.py","lineno":292}
{"timestamp":"2026-04-15T09:35:40.604988Z","level":"info","event":"Poking for tasks ['consume_kafka_batch'] in dag usage_kafka_ingestion on 2026-04-15T09:25:00+00:00 ... ","logger":"airflow.task.operators.airflow.providers.standard.sensors.external_task.ExternalTaskSensor","filename":"external_task.py","lineno":292}
{"timestamp":"2026-04-15T09:36:10.794149Z","level":"info","event":"Poking for tasks ['consume_kafka_batch'] in dag usage_kafka_ingestion on 2026-04-15T09:25:00+00:00 ... ","logger":"airflow.task.operators.airflow.providers.standard.sensors.external_task.ExternalTaskSensor","filename":"external_task.py","lineno":292}
{"timestamp":"2026-04-15T09:36:11.217012Z","level":"error","event":"Task failed with exception","logger":"task","filename":"task_runner.py","lineno":1109,"error_detail":[{"exc_type":"AirflowSensorTimeout","exc_value":"Sensor has timed out; run duration of 605.2522154429998 seconds exceeds the specified timeout of 600.0.","exc_notes":[],"syntax_error":null,"is_cause":false,"frames":[{"filename":"/home/airflow/.local/lib/python3.11/site-packages/airflow/sdk/execution_time/task_runner.py","lineno":1068,"name":"run"},{"filename":"/home/airflow/.local/lib/python3.11/site-packages/airflow/sdk/execution_time/task_runner.py","lineno":1477,"name":"_execute_task"},{"filename":"/home/airflow/.local/lib/python3.11/site-packages/airflow/sdk/bases/operator.py","lineno":417,"name":"wrapper"},{"filename":"/home/airflow/.local/lib/python3.11/site-packages/airflow/providers/standard/sensors/external_task.py","lineno":433,"name":"execute"},{"filename":"/home/airflow/.local/lib/python3.11/site-packages/airflow/sdk/bases/operator.py","lineno":417,"name":"wrapper"},{"filename":"/home/airflow/.local/lib/python3.11/site-packages/airflow/sdk/bases/sensor.py","lineno":243,"name":"execute"}],"is_group":false,"exceptions":[]}]}
{"timestamp":"2026-04-15T09:36:11.951493Z","level":"info","event":"Task instance in failure state","logger":"task.stdout"}
{"timestamp":"2026-04-15T09:36:12.001937Z","level":"info","event":"Task start","logger":"task.stdout"}
{"timestamp":"2026-04-15T09:36:12.005237Z","level":"info","event":"Task:<Task(ExternalTaskSensor): wait_for_kafka_ingestion>","logger":"task.stdout"}
{"timestamp":"2026-04-15T09:36:12.006909Z","level":"info","event":"Failure caused by Sensor has timed out; run duration of 605.2522154429998 seconds exceeds the specified timeout of 600.0.","logger":"task.stdout"}
